This file contains any messages produced by compilers while
running configure, to aid debugging if configure makes a mistake.

It was created by icsdroneng configure 0.29, which was
generated by GNU Autoconf 2.68.  Invocation command line was

  $ ./configure 

## --------- ##
## Platform. ##
## --------- ##

hostname = crimson
uname -m = x86_64
uname -r = 5.15.0-53-generic
uname -s = Linux
uname -v = #59-Ubuntu SMP Mon Oct 17 18:53:30 UTC 2022

/usr/bin/uname -p = x86_64
/bin/uname -X     = unknown

/bin/arch              = x86_64
/usr/bin/arch -k       = unknown
/usr/convex/getsysinfo = unknown
/usr/bin/hostinfo      = unknown
/bin/machine           = unknown
/usr/bin/oslevel       = unknown
/bin/universe          = unknown

PATH: /home/joey/.fly/bin
PATH: /home/joey/.bun/bin
PATH: /home/joey/.nvm/versions/node/v16.14.0/bin
PATH: /home/joey/.rvm/gems/ruby-3.1.2/bin
PATH: /home/joey/.rvm/gems/ruby-3.1.2@global/bin
PATH: /home/joey/.rvm/rubies/ruby-3.1.2/bin
PATH: /home/joey/.local/bin
PATH: /home/joey/bin
PATH: /usr/local/sbin
PATH: /usr/local/bin
PATH: /usr/sbin
PATH: /usr/bin
PATH: /sbin
PATH: /bin
PATH: /usr/games
PATH: /usr/local/games
PATH: /snap/bin
PATH: /snap/bin
PATH: /home/joey/.rvm/bin
PATH: /home/joey/.local/bin
PATH: /home/joey/.rvm/bin


## ----------- ##
## Core tests. ##
## ----------- ##

configure:2225: checking for a BSD-compatible install
configure:2293: result: /usr/bin/install -c
configure:2304: checking whether build environment is sane
configure:2354: result: yes
configure:2495: checking for a thread-safe mkdir -p
configure:2534: result: /usr/bin/mkdir -p
configure:2547: checking for gawk
configure:2563: found /usr/bin/gawk
configure:2574: result: gawk
configure:2585: checking whether make sets $(MAKE)
configure:2607: result: yes
configure:2740: checking for gcc
configure:2756: found /usr/bin/gcc
configure:2767: result: gcc
configure:2996: checking for C compiler version
configure:3005: gcc --version >&5
gcc (Ubuntu 11.3.0-1ubuntu1~22.04) 11.3.0
Copyright (C) 2021 Free Software Foundation, Inc.
This is free software; see the source for copying conditions.  There is NO
warranty; not even for MERCHANTABILITY or FITNESS FOR A PARTICULAR PURPOSE.

configure:3016: $? = 0
configure:3005: gcc -v >&5
Using built-in specs.
COLLECT_GCC=gcc
COLLECT_LTO_WRAPPER=/usr/lib/gcc/x86_64-linux-gnu/11/lto-wrapper
OFFLOAD_TARGET_NAMES=nvptx-none:amdgcn-amdhsa
OFFLOAD_TARGET_DEFAULT=1
Target: x86_64-linux-gnu
Configured with: ../src/configure -v --with-pkgversion='Ubuntu 11.3.0-1ubuntu1~22.04' --with-bugurl=file:///usr/share/doc/gcc-11/README.Bugs --enable-languages=c,ada,c++,go,brig,d,fortran,objc,obj-c++,m2 --prefix=/usr --with-gcc-major-version-only --program-suffix=-11 --program-prefix=x86_64-linux-gnu- --enable-shared --enable-linker-build-id --libexecdir=/usr/lib --without-included-gettext --enable-threads=posix --libdir=/usr/lib --enable-nls --enable-bootstrap --enable-clocale=gnu --enable-libstdcxx-debug --enable-libstdcxx-time=yes --with-default-libstdcxx-abi=new --enable-gnu-unique-object --disable-vtable-verify --enable-plugin --enable-default-pie --with-system-zlib --enable-libphobos-checking=release --with-target-system-zlib=auto --enable-objc-gc=auto --enable-multiarch --disable-werror --enable-cet --with-arch-32=i686 --with-abi=m64 --with-multilib-list=m32,m64,mx32 --enable-multilib --with-tune=generic --enable-offload-targets=nvptx-none=/build/gcc-11-xKiWfi/gcc-11-11.3.0/debian/tmp-nvptx/usr,amdgcn-amdhsa=/build/gcc-11-xKiWfi/gcc-11-11.3.0/debian/tmp-gcn/usr --without-cuda-driver --enable-checking=release --build=x86_64-linux-gnu --host=x86_64-linux-gnu --target=x86_64-linux-gnu --with-build-config=bootstrap-lto-lean --enable-link-serialization=2
Thread model: posix
Supported LTO compression algorithms: zlib zstd
gcc version 11.3.0 (Ubuntu 11.3.0-1ubuntu1~22.04) 
... rest of stderr output deleted ...
configure:3016: $? = 0
configure:3005: gcc -V >&5
gcc: error: unrecognized command-line option '-V'
gcc: fatal error: no input files
compilation terminated.
configure:3016: $? = 1
configure:3005: gcc -qversion >&5
gcc: error: unrecognized command-line option '-qversion'; did you mean '--version'?
gcc: fatal error: no input files
compilation terminated.
configure:3016: $? = 1
configure:3036: checking whether the C compiler works
configure:3058: gcc    conftest.c  >&5
configure:3062: $? = 0
configure:3110: result: yes
configure:3113: checking for C compiler default output file name
configure:3115: result: a.out
configure:3121: checking for suffix of executables
configure:3128: gcc -o conftest    conftest.c  >&5
configure:3132: $? = 0
configure:3154: result: 
configure:3176: checking whether we are cross compiling
configure:3184: gcc -o conftest    conftest.c  >&5
configure:3188: $? = 0
configure:3195: ./conftest
configure:3199: $? = 0
configure:3214: result: no
configure:3219: checking for suffix of object files
configure:3241: gcc -c   conftest.c >&5
configure:3245: $? = 0
configure:3266: result: o
configure:3270: checking whether we are using the GNU C compiler
configure:3289: gcc -c   conftest.c >&5
configure:3289: $? = 0
configure:3298: result: yes
configure:3307: checking whether gcc accepts -g
configure:3327: gcc -c -g  conftest.c >&5
configure:3327: $? = 0
configure:3368: result: yes
configure:3385: checking for gcc option to accept ISO C89
configure:3449: gcc  -c -g -O2  conftest.c >&5
configure:3449: $? = 0
configure:3462: result: none needed
configure:3493: checking for style of include used by make
configure:3521: result: GNU
configure:3547: checking dependency style of gcc
configure:3658: result: gcc3
configure:3676: checking for main in -lm
configure:3695: gcc -o conftest -g -O2   conftest.c -lm   >&5
configure:3695: $? = 0
configure:3704: result: yes
configure:3749: checking how to run the C preprocessor
configure:3780: gcc -E  conftest.c
configure:3780: $? = 0
configure:3794: gcc -E  conftest.c
conftest.c:12:10: fatal error: ac_nonexistent.h: No such file or directory
   12 | #include <ac_nonexistent.h>
      |          ^~~~~~~~~~~~~~~~~~
compilation terminated.
configure:3794: $? = 1
configure: failed program was:
| /* confdefs.h */
| #define PACKAGE_NAME "icsdroneng"
| #define PACKAGE_TARNAME "icsdroneng"
| #define PACKAGE_VERSION "0.29"
| #define PACKAGE_STRING "icsdroneng 0.29"
| #define PACKAGE_BUGREPORT "michel.vandenbergh@uhasselt.be"
| #define PACKAGE_URL ""
| #define PACKAGE "icsdroneng"
| #define VERSION "0.29"
| #define HAVE_LIBM 1
| /* end confdefs.h.  */
| #include <ac_nonexistent.h>
configure:3819: result: gcc -E
configure:3839: gcc -E  conftest.c
configure:3839: $? = 0
configure:3853: gcc -E  conftest.c
conftest.c:12:10: fatal error: ac_nonexistent.h: No such file or directory
   12 | #include <ac_nonexistent.h>
      |          ^~~~~~~~~~~~~~~~~~
compilation terminated.
configure:3853: $? = 1
configure: failed program was:
| /* confdefs.h */
| #define PACKAGE_NAME "icsdroneng"
| #define PACKAGE_TARNAME "icsdroneng"
| #define PACKAGE_VERSION "0.29"
| #define PACKAGE_STRING "icsdroneng 0.29"
| #define PACKAGE_BUGREPORT "michel.vandenbergh@uhasselt.be"
| #define PACKAGE_URL ""
| #define PACKAGE "icsdroneng"
| #define VERSION "0.29"
| #define HAVE_LIBM 1
| /* end confdefs.h.  */
| #include <ac_nonexistent.h>
configure:3882: checking for grep that handles long lines and -e
configure:3940: result: /usr/bin/grep
configure:3945: checking for egrep
configure:4007: result: /usr/bin/grep -E
configure:4012: checking for ANSI C header files
configure:4032: gcc -c -g -O2  conftest.c >&5
configure:4032: $? = 0
configure:4105: gcc -o conftest -g -O2   conftest.c -lm  >&5
configure:4105: $? = 0
configure:4105: ./conftest
configure:4105: $? = 0
configure:4116: result: yes
configure:4129: checking for sys/types.h
configure:4129: gcc -c -g -O2  conftest.c >&5
configure:4129: $? = 0
configure:4129: result: yes
configure:4129: checking for sys/stat.h
configure:4129: gcc -c -g -O2  conftest.c >&5
configure:4129: $? = 0
configure:4129: result: yes
configure:4129: checking for stdlib.h
configure:4129: gcc -c -g -O2  conftest.c >&5
configure:4129: $? = 0
configure:4129: result: yes
configure:4129: checking for string.h
configure:4129: gcc -c -g -O2  conftest.c >&5
configure:4129: $? = 0
configure:4129: result: yes
configure:4129: checking for memory.h
configure:4129: gcc -c -g -O2  conftest.c >&5
configure:4129: $? = 0
configure:4129: result: yes
configure:4129: checking for strings.h
configure:4129: gcc -c -g -O2  conftest.c >&5
configure:4129: $? = 0
configure:4129: result: yes
configure:4129: checking for inttypes.h
configure:4129: gcc -c -g -O2  conftest.c >&5
configure:4129: $? = 0
configure:4129: result: yes
configure:4129: checking for stdint.h
configure:4129: gcc -c -g -O2  conftest.c >&5
configure:4129: $? = 0
configure:4129: result: yes
configure:4129: checking for unistd.h
configure:4129: gcc -c -g -O2  conftest.c >&5
configure:4129: $? = 0
configure:4129: result: yes
configure:4142: checking readline/readline.h usability
configure:4142: gcc -c -g -O2  conftest.c >&5
configure:4142: $? = 0
configure:4142: result: yes
configure:4142: checking readline/readline.h presence
configure:4142: gcc -E  conftest.c
configure:4142: $? = 0
configure:4142: result: yes
configure:4142: checking for readline/readline.h
configure:4142: result: yes
configure:4145: checking for main in -lncurses
configure:4164: gcc -o conftest -g -O2   conftest.c -lncurses  -lm  >&5
configure:4164: $? = 0
configure:4173: result: yes
configure:4184: checking for main in -lreadline
configure:4203: gcc -o conftest -g -O2   conftest.c -lreadline  -lncurses -lm  >&5
configure:4203: $? = 0
configure:4212: result: yes
configure:4252: checking zlib.h usability
configure:4252: gcc -c -g -O2  conftest.c >&5
configure:4252: $? = 0
configure:4252: result: yes
configure:4252: checking zlib.h presence
configure:4252: gcc -E  conftest.c
configure:4252: $? = 0
configure:4252: result: yes
configure:4252: checking for zlib.h
configure:4252: result: yes
configure:4254: checking for main in -lz
configure:4273: gcc -o conftest -g -O2   conftest.c -lz  -lreadline -lncurses -lm  >&5
configure:4273: $? = 0
configure:4282: result: yes
configure:4309: checking for ANSI C header files
configure:4413: result: yes
configure:4421: checking for sys/wait.h that is POSIX.1 compatible
configure:4447: gcc -c -g -O2  conftest.c >&5
configure:4447: $? = 0
configure:4454: result: yes
configure:4465: checking arpa/inet.h usability
configure:4465: gcc -c -g -O2  conftest.c >&5
configure:4465: $? = 0
configure:4465: result: yes
configure:4465: checking arpa/inet.h presence
configure:4465: gcc -E  conftest.c
configure:4465: $? = 0
configure:4465: result: yes
configure:4465: checking for arpa/inet.h
configure:4465: result: yes
configure:4465: checking arpa/telnet.h usability
configure:4465: gcc -c -g -O2  conftest.c >&5
configure:4465: $? = 0
configure:4465: result: yes
configure:4465: checking arpa/telnet.h presence
configure:4465: gcc -E  conftest.c
configure:4465: $? = 0
configure:4465: result: yes
configure:4465: checking for arpa/telnet.h
configure:4465: result: yes
configure:4465: checking ncurses.h usability
configure:4465: gcc -c -g -O2  conftest.c >&5
configure:4465: $? = 0
configure:4465: result: yes
configure:4465: checking ncurses.h presence
configure:4465: gcc -E  conftest.c
configure:4465: $? = 0
configure:4465: result: yes
configure:4465: checking for ncurses.h
configure:4465: result: yes
configure:4465: checking fcntl.h usability
configure:4465: gcc -c -g -O2  conftest.c >&5
configure:4465: $? = 0
configure:4465: result: yes
configure:4465: checking fcntl.h presence
configure:4465: gcc -E  conftest.c
configure:4465: $? = 0
configure:4465: result: yes
configure:4465: checking for fcntl.h
configure:4465: result: yes
configure:4465: checking netdb.h usability
configure:4465: gcc -c -g -O2  conftest.c >&5
configure:4465: $? = 0
configure:4465: result: yes
configure:4465: checking netdb.h presence
configure:4465: gcc -E  conftest.c
configure:4465: $? = 0
configure:4465: result: yes
configure:4465: checking for netdb.h
configure:4465: result: yes
configure:4465: checking netinet/in.h usability
configure:4465: gcc -c -g -O2  conftest.c >&5
configure:4465: $? = 0
configure:4465: result: yes
configure:4465: checking netinet/in.h presence
configure:4465: gcc -E  conftest.c
configure:4465: $? = 0
configure:4465: result: yes
configure:4465: checking for netinet/in.h
configure:4465: result: yes
configure:4465: checking for readline/readline.h
configure:4465: result: yes
configure:4465: checking readline/history.h usability
configure:4465: gcc -c -g -O2  conftest.c >&5
configure:4465: $? = 0
configure:4465: result: yes
configure:4465: checking readline/history.h presence
configure:4465: gcc -E  conftest.c
configure:4465: $? = 0
configure:4465: result: yes
configure:4465: checking for readline/history.h
configure:4465: result: yes
configure:4465: checking for stdlib.h
configure:4465: result: yes
configure:4465: checking for string.h
configure:4465: result: yes
configure:4465: checking sys/ioctl.h usability
configure:4465: gcc -c -g -O2  conftest.c >&5
configure:4465: $? = 0
configure:4465: result: yes
configure:4465: checking sys/ioctl.h presence
configure:4465: gcc -E  conftest.c
configure:4465: $? = 0
configure:4465: result: yes
configure:4465: checking for sys/ioctl.h
configure:4465: result: yes
configure:4465: checking sys/socket.h usability
configure:4465: gcc -c -g -O2  conftest.c >&5
configure:4465: $? = 0
configure:4465: result: yes
configure:4465: checking sys/socket.h presence
configure:4465: gcc -E  conftest.c
configure:4465: $? = 0
configure:4465: result: yes
configure:4465: checking for sys/socket.h
configure:4465: result: yes
configure:4465: checking sys/time.h usability
configure:4465: gcc -c -g -O2  conftest.c >&5
configure:4465: $? = 0
configure:4465: result: yes
configure:4465: checking sys/time.h presence
configure:4465: gcc -E  conftest.c
configure:4465: $? = 0
configure:4465: result: yes
configure:4465: checking for sys/time.h
configure:4465: result: yes
configure:4465: checking for sys/wait.h
configure:4465: result: yes
configure:4465: checking term.h usability
configure:4465: gcc -c -g -O2  conftest.c >&5
configure:4465: $? = 0
configure:4465: result: yes
configure:4465: checking term.h presence
configure:4465: gcc -E  conftest.c
configure:4465: $? = 0
configure:4465: result: yes
configure:4465: checking for term.h
configure:4465: result: yes
configure:4465: checking ncurses/term.h usability
configure:4465: gcc -c -g -O2  conftest.c >&5
conftest.c:75:10: fatal error: ncurses/term.h: No such file or directory
   75 | #include <ncurses/term.h>
      |          ^~~~~~~~~~~~~~~~
compilation terminated.
configure:4465: $? = 1
configure: failed program was:
| /* confdefs.h */
| #define PACKAGE_NAME "icsdroneng"
| #define PACKAGE_TARNAME "icsdroneng"
| #define PACKAGE_VERSION "0.29"
| #define PACKAGE_STRING "icsdroneng 0.29"
| #define PACKAGE_BUGREPORT "michel.vandenbergh@uhasselt.be"
| #define PACKAGE_URL ""
| #define PACKAGE "icsdroneng"
| #define VERSION "0.29"
| #define HAVE_LIBM 1
| #define STDC_HEADERS 1
| #define HAVE_SYS_TYPES_H 1
| #define HAVE_SYS_STAT_H 1
| #define HAVE_STDLIB_H 1
| #define HAVE_STRING_H 1
| #define HAVE_MEMORY_H 1
| #define HAVE_STRINGS_H 1
| #define HAVE_INTTYPES_H 1
| #define HAVE_STDINT_H 1
| #define HAVE_UNISTD_H 1
| #define HAVE_LIBNCURSES 1
| #define HAVE_LIBREADLINE 1
| #define HAVE_LIBZ 1
| #define STDC_HEADERS 1
| #define HAVE_SYS_WAIT_H 1
| #define HAVE_ARPA_INET_H 1
| #define HAVE_ARPA_TELNET_H 1
| #define HAVE_NCURSES_H 1
| #define HAVE_FCNTL_H 1
| #define HAVE_NETDB_H 1
| #define HAVE_NETINET_IN_H 1
| #define HAVE_READLINE_READLINE_H 1
| #define HAVE_READLINE_HISTORY_H 1
| #define HAVE_STDLIB_H 1
| #define HAVE_STRING_H 1
| #define HAVE_SYS_IOCTL_H 1
| #define HAVE_SYS_SOCKET_H 1
| #define HAVE_SYS_TIME_H 1
| #define HAVE_SYS_WAIT_H 1
| #define HAVE_TERM_H 1
| /* end confdefs.h.  */
| #include <stdio.h>
| #ifdef HAVE_SYS_TYPES_H
| # include <sys/types.h>
| #endif
| #ifdef HAVE_SYS_STAT_H
| # include <sys/stat.h>
| #endif
| #ifdef STDC_HEADERS
| # include <stdlib.h>
| # include <stddef.h>
| #else
| # ifdef HAVE_STDLIB_H
| #  include <stdlib.h>
| # endif
| #endif
| #ifdef HAVE_STRING_H
| # if !defined STDC_HEADERS && defined HAVE_MEMORY_H
| #  include <memory.h>
| # endif
| # include <string.h>
| #endif
| #ifdef HAVE_STRINGS_H
| # include <strings.h>
| #endif
| #ifdef HAVE_INTTYPES_H
| # include <inttypes.h>
| #endif
| #ifdef HAVE_STDINT_H
| # include <stdint.h>
| #endif
| #ifdef HAVE_UNISTD_H
| # include <unistd.h>
| #endif
| #include <ncurses/term.h>
configure:4465: result: no
configure:4465: checking ncurses/term.h presence
configure:4465: gcc -E  conftest.c
conftest.c:42:10: fatal error: ncurses/term.h: No such file or directory
   42 | #include <ncurses/term.h>
      |          ^~~~~~~~~~~~~~~~
compilation terminated.
configure:4465: $? = 1
configure: failed program was:
| /* confdefs.h */
| #define PACKAGE_NAME "icsdroneng"
| #define PACKAGE_TARNAME "icsdroneng"
| #define PACKAGE_VERSION "0.29"
| #define PACKAGE_STRING "icsdroneng 0.29"
| #define PACKAGE_BUGREPORT "michel.vandenbergh@uhasselt.be"
| #define PACKAGE_URL ""
| #define PACKAGE "icsdroneng"
| #define VERSION "0.29"
| #define HAVE_LIBM 1
| #define STDC_HEADERS 1
| #define HAVE_SYS_TYPES_H 1
| #define HAVE_SYS_STAT_H 1
| #define HAVE_STDLIB_H 1
| #define HAVE_STRING_H 1
| #define HAVE_MEMORY_H 1
| #define HAVE_STRINGS_H 1
| #define HAVE_INTTYPES_H 1
| #define HAVE_STDINT_H 1
| #define HAVE_UNISTD_H 1
| #define HAVE_LIBNCURSES 1
| #define HAVE_LIBREADLINE 1
| #define HAVE_LIBZ 1
| #define STDC_HEADERS 1
| #define HAVE_SYS_WAIT_H 1
| #define HAVE_ARPA_INET_H 1
| #define HAVE_ARPA_TELNET_H 1
| #define HAVE_NCURSES_H 1
| #define HAVE_FCNTL_H 1
| #define HAVE_NETDB_H 1
| #define HAVE_NETINET_IN_H 1
| #define HAVE_READLINE_READLINE_H 1
| #define HAVE_READLINE_HISTORY_H 1
| #define HAVE_STDLIB_H 1
| #define HAVE_STRING_H 1
| #define HAVE_SYS_IOCTL_H 1
| #define HAVE_SYS_SOCKET_H 1
| #define HAVE_SYS_TIME_H 1
| #define HAVE_SYS_WAIT_H 1
| #define HAVE_TERM_H 1
| /* end confdefs.h.  */
| #include <ncurses/term.h>
configure:4465: result: no
configure:4465: checking for ncurses/term.h
configure:4465: result: no
configure:4465: checking termios.h usability
configure:4465: gcc -c -g -O2  conftest.c >&5
configure:4465: $? = 0
configure:4465: result: yes
configure:4465: checking termios.h presence
configure:4465: gcc -E  conftest.c
configure:4465: $? = 0
configure:4465: result: yes
configure:4465: checking for termios.h
configure:4465: result: yes
configure:4465: checking for unistd.h
configure:4465: result: yes
configure:4465: checking for zlib.h
configure:4465: result: yes
configure:4477: checking for stdbool.h that conforms to C99
configure:4544: gcc -c -g -O2  conftest.c >&5
configure:4544: $? = 0
configure:4551: result: yes
configure:4553: checking for _Bool
configure:4553: gcc -c -g -O2  conftest.c >&5
configure:4553: $? = 0
configure:4553: gcc -c -g -O2  conftest.c >&5
conftest.c: In function 'main':
conftest.c:81:20: error: expected expression before ')' token
   81 | if (sizeof ((_Bool)))
      |                    ^
configure:4553: $? = 1
configure: failed program was:
| /* confdefs.h */
| #define PACKAGE_NAME "icsdroneng"
| #define PACKAGE_TARNAME "icsdroneng"
| #define PACKAGE_VERSION "0.29"
| #define PACKAGE_STRING "icsdroneng 0.29"
| #define PACKAGE_BUGREPORT "michel.vandenbergh@uhasselt.be"
| #define PACKAGE_URL ""
| #define PACKAGE "icsdroneng"
| #define VERSION "0.29"
| #define HAVE_LIBM 1
| #define STDC_HEADERS 1
| #define HAVE_SYS_TYPES_H 1
| #define HAVE_SYS_STAT_H 1
| #define HAVE_STDLIB_H 1
| #define HAVE_STRING_H 1
| #define HAVE_MEMORY_H 1
| #define HAVE_STRINGS_H 1
| #define HAVE_INTTYPES_H 1
| #define HAVE_STDINT_H 1
| #define HAVE_UNISTD_H 1
| #define HAVE_LIBNCURSES 1
| #define HAVE_LIBREADLINE 1
| #define HAVE_LIBZ 1
| #define STDC_HEADERS 1
| #define HAVE_SYS_WAIT_H 1
| #define HAVE_ARPA_INET_H 1
| #define HAVE_ARPA_TELNET_H 1
| #define HAVE_NCURSES_H 1
| #define HAVE_FCNTL_H 1
| #define HAVE_NETDB_H 1
| #define HAVE_NETINET_IN_H 1
| #define HAVE_READLINE_READLINE_H 1
| #define HAVE_READLINE_HISTORY_H 1
| #define HAVE_STDLIB_H 1
| #define HAVE_STRING_H 1
| #define HAVE_SYS_IOCTL_H 1
| #define HAVE_SYS_SOCKET_H 1
| #define HAVE_SYS_TIME_H 1
| #define HAVE_SYS_WAIT_H 1
| #define HAVE_TERM_H 1
| #define HAVE_TERMIOS_H 1
| #define HAVE_UNISTD_H 1
| #define HAVE_ZLIB_H 1
| /* end confdefs.h.  */
| #include <stdio.h>
| #ifdef HAVE_SYS_TYPES_H
| # include <sys/types.h>
| #endif
| #ifdef HAVE_SYS_STAT_H
| # include <sys/stat.h>
| #endif
| #ifdef STDC_HEADERS
| # include <stdlib.h>
| # include <stddef.h>
| #else
| # ifdef HAVE_STDLIB_H
| #  include <stdlib.h>
| # endif
| #endif
| #ifdef HAVE_STRING_H
| # if !defined STDC_HEADERS && defined HAVE_MEMORY_H
| #  include <memory.h>
| # endif
| # include <string.h>
| #endif
| #ifdef HAVE_STRINGS_H
| # include <strings.h>
| #endif
| #ifdef HAVE_INTTYPES_H
| # include <inttypes.h>
| #endif
| #ifdef HAVE_STDINT_H
| # include <stdint.h>
| #endif
| #ifdef HAVE_UNISTD_H
| # include <unistd.h>
| #endif
| int
| main ()
| {
| if (sizeof ((_Bool)))
| 	    return 0;
|   ;
|   return 0;
| }
configure:4553: result: yes
configure:4569: checking for an ANSI C-conforming const
configure:4634: gcc -c -g -O2  conftest.c >&5
configure:4634: $? = 0
configure:4641: result: yes
configure:4649: checking for pid_t
configure:4649: gcc -c -g -O2  conftest.c >&5
configure:4649: $? = 0
configure:4649: gcc -c -g -O2  conftest.c >&5
conftest.c: In function 'main':
conftest.c:83:20: error: expected expression before ')' token
   83 | if (sizeof ((pid_t)))
      |                    ^
configure:4649: $? = 1
configure: failed program was:
| /* confdefs.h */
| #define PACKAGE_NAME "icsdroneng"
| #define PACKAGE_TARNAME "icsdroneng"
| #define PACKAGE_VERSION "0.29"
| #define PACKAGE_STRING "icsdroneng 0.29"
| #define PACKAGE_BUGREPORT "michel.vandenbergh@uhasselt.be"
| #define PACKAGE_URL ""
| #define PACKAGE "icsdroneng"
| #define VERSION "0.29"
| #define HAVE_LIBM 1
| #define STDC_HEADERS 1
| #define HAVE_SYS_TYPES_H 1
| #define HAVE_SYS_STAT_H 1
| #define HAVE_STDLIB_H 1
| #define HAVE_STRING_H 1
| #define HAVE_MEMORY_H 1
| #define HAVE_STRINGS_H 1
| #define HAVE_INTTYPES_H 1
| #define HAVE_STDINT_H 1
| #define HAVE_UNISTD_H 1
| #define HAVE_LIBNCURSES 1
| #define HAVE_LIBREADLINE 1
| #define HAVE_LIBZ 1
| #define STDC_HEADERS 1
| #define HAVE_SYS_WAIT_H 1
| #define HAVE_ARPA_INET_H 1
| #define HAVE_ARPA_TELNET_H 1
| #define HAVE_NCURSES_H 1
| #define HAVE_FCNTL_H 1
| #define HAVE_NETDB_H 1
| #define HAVE_NETINET_IN_H 1
| #define HAVE_READLINE_READLINE_H 1
| #define HAVE_READLINE_HISTORY_H 1
| #define HAVE_STDLIB_H 1
| #define HAVE_STRING_H 1
| #define HAVE_SYS_IOCTL_H 1
| #define HAVE_SYS_SOCKET_H 1
| #define HAVE_SYS_TIME_H 1
| #define HAVE_SYS_WAIT_H 1
| #define HAVE_TERM_H 1
| #define HAVE_TERMIOS_H 1
| #define HAVE_UNISTD_H 1
| #define HAVE_ZLIB_H 1
| #define HAVE__BOOL 1
| #define HAVE_STDBOOL_H 1
| /* end confdefs.h.  */
| #include <stdio.h>
| #ifdef HAVE_SYS_TYPES_H
| # include <sys/types.h>
| #endif
| #ifdef HAVE_SYS_STAT_H
| # include <sys/stat.h>
| #endif
| #ifdef STDC_HEADERS
| # include <stdlib.h>
| # include <stddef.h>
| #else
| # ifdef HAVE_STDLIB_H
| #  include <stdlib.h>
| # endif
| #endif
| #ifdef HAVE_STRING_H
| # if !defined STDC_HEADERS && defined HAVE_MEMORY_H
| #  include <memory.h>
| # endif
| # include <string.h>
| #endif
| #ifdef HAVE_STRINGS_H
| # include <strings.h>
| #endif
| #ifdef HAVE_INTTYPES_H
| # include <inttypes.h>
| #endif
| #ifdef HAVE_STDINT_H
| # include <stdint.h>
| #endif
| #ifdef HAVE_UNISTD_H
| # include <unistd.h>
| #endif
| int
| main ()
| {
| if (sizeof ((pid_t)))
| 	    return 0;
|   ;
|   return 0;
| }
configure:4649: result: yes
configure:4660: checking whether time.h and sys/time.h may both be included
configure:4680: gcc -c -g -O2  conftest.c >&5
configure:4680: $? = 0
configure:4687: result: yes
configure:4695: checking whether struct tm is in sys/time.h or time.h
configure:4715: gcc -c -g -O2  conftest.c >&5
configure:4715: $? = 0
configure:4722: result: time.h
configure:4734: checking vfork.h usability
configure:4734: gcc -c -g -O2  conftest.c >&5
conftest.c:81:10: fatal error: vfork.h: No such file or directory
   81 | #include <vfork.h>
      |          ^~~~~~~~~
compilation terminated.
configure:4734: $? = 1
configure: failed program was:
| /* confdefs.h */
| #define PACKAGE_NAME "icsdroneng"
| #define PACKAGE_TARNAME "icsdroneng"
| #define PACKAGE_VERSION "0.29"
| #define PACKAGE_STRING "icsdroneng 0.29"
| #define PACKAGE_BUGREPORT "michel.vandenbergh@uhasselt.be"
| #define PACKAGE_URL ""
| #define PACKAGE "icsdroneng"
| #define VERSION "0.29"
| #define HAVE_LIBM 1
| #define STDC_HEADERS 1
| #define HAVE_SYS_TYPES_H 1
| #define HAVE_SYS_STAT_H 1
| #define HAVE_STDLIB_H 1
| #define HAVE_STRING_H 1
| #define HAVE_MEMORY_H 1
| #define HAVE_STRINGS_H 1
| #define HAVE_INTTYPES_H 1
| #define HAVE_STDINT_H 1
| #define HAVE_UNISTD_H 1
| #define HAVE_LIBNCURSES 1
| #define HAVE_LIBREADLINE 1
| #define HAVE_LIBZ 1
| #define STDC_HEADERS 1
| #define HAVE_SYS_WAIT_H 1
| #define HAVE_ARPA_INET_H 1
| #define HAVE_ARPA_TELNET_H 1
| #define HAVE_NCURSES_H 1
| #define HAVE_FCNTL_H 1
| #define HAVE_NETDB_H 1
| #define HAVE_NETINET_IN_H 1
| #define HAVE_READLINE_READLINE_H 1
| #define HAVE_READLINE_HISTORY_H 1
| #define HAVE_STDLIB_H 1
| #define HAVE_STRING_H 1
| #define HAVE_SYS_IOCTL_H 1
| #define HAVE_SYS_SOCKET_H 1
| #define HAVE_SYS_TIME_H 1
| #define HAVE_SYS_WAIT_H 1
| #define HAVE_TERM_H 1
| #define HAVE_TERMIOS_H 1
| #define HAVE_UNISTD_H 1
| #define HAVE_ZLIB_H 1
| #define HAVE__BOOL 1
| #define HAVE_STDBOOL_H 1
| #define TIME_WITH_SYS_TIME 1
| /* end confdefs.h.  */
| #include <stdio.h>
| #ifdef HAVE_SYS_TYPES_H
| # include <sys/types.h>
| #endif
| #ifdef HAVE_SYS_STAT_H
| # include <sys/stat.h>
| #endif
| #ifdef STDC_HEADERS
| # include <stdlib.h>
| # include <stddef.h>
| #else
| # ifdef HAVE_STDLIB_H
| #  include <stdlib.h>
| # endif
| #endif
| #ifdef HAVE_STRING_H
| # if !defined STDC_HEADERS && defined HAVE_MEMORY_H
| #  include <memory.h>
| # endif
| # include <string.h>
| #endif
| #ifdef HAVE_STRINGS_H
| # include <strings.h>
| #endif
| #ifdef HAVE_INTTYPES_H
| # include <inttypes.h>
| #endif
| #ifdef HAVE_STDINT_H
| # include <stdint.h>
| #endif
| #ifdef HAVE_UNISTD_H
| # include <unistd.h>
| #endif
| #include <vfork.h>
configure:4734: result: no
configure:4734: checking vfork.h presence
configure:4734: gcc -E  conftest.c
conftest.c:48:10: fatal error: vfork.h: No such file or directory
   48 | #include <vfork.h>
      |          ^~~~~~~~~
compilation terminated.
configure:4734: $? = 1
configure: failed program was:
| /* confdefs.h */
| #define PACKAGE_NAME "icsdroneng"
| #define PACKAGE_TARNAME "icsdroneng"
| #define PACKAGE_VERSION "0.29"
| #define PACKAGE_STRING "icsdroneng 0.29"
| #define PACKAGE_BUGREPORT "michel.vandenbergh@uhasselt.be"
| #define PACKAGE_URL ""
| #define PACKAGE "icsdroneng"
| #define VERSION "0.29"
| #define HAVE_LIBM 1
| #define STDC_HEADERS 1
| #define HAVE_SYS_TYPES_H 1
| #define HAVE_SYS_STAT_H 1
| #define HAVE_STDLIB_H 1
| #define HAVE_STRING_H 1
| #define HAVE_MEMORY_H 1
| #define HAVE_STRINGS_H 1
| #define HAVE_INTTYPES_H 1
| #define HAVE_STDINT_H 1
| #define HAVE_UNISTD_H 1
| #define HAVE_LIBNCURSES 1
| #define HAVE_LIBREADLINE 1
| #define HAVE_LIBZ 1
| #define STDC_HEADERS 1
| #define HAVE_SYS_WAIT_H 1
| #define HAVE_ARPA_INET_H 1
| #define HAVE_ARPA_TELNET_H 1
| #define HAVE_NCURSES_H 1
| #define HAVE_FCNTL_H 1
| #define HAVE_NETDB_H 1
| #define HAVE_NETINET_IN_H 1
| #define HAVE_READLINE_READLINE_H 1
| #define HAVE_READLINE_HISTORY_H 1
| #define HAVE_STDLIB_H 1
| #define HAVE_STRING_H 1
| #define HAVE_SYS_IOCTL_H 1
| #define HAVE_SYS_SOCKET_H 1
| #define HAVE_SYS_TIME_H 1
| #define HAVE_SYS_WAIT_H 1
| #define HAVE_TERM_H 1
| #define HAVE_TERMIOS_H 1
| #define HAVE_UNISTD_H 1
| #define HAVE_ZLIB_H 1
| #define HAVE__BOOL 1
| #define HAVE_STDBOOL_H 1
| #define TIME_WITH_SYS_TIME 1
| /* end confdefs.h.  */
| #include <vfork.h>
configure:4734: result: no
configure:4734: checking for vfork.h
configure:4734: result: no
configure:4747: checking for fork
configure:4747: gcc -o conftest -g -O2   conftest.c -lz -lreadline -lncurses -lm  >&5
conftest.c:71:6: warning: conflicting types for built-in function 'fork'; expected 'int(void)' [-Wbuiltin-declaration-mismatch]
   71 | char fork ();
      |      ^~~~
configure:4747: $? = 0
configure:4747: result: yes
configure:4747: checking for vfork
configure:4747: gcc -o conftest -g -O2   conftest.c -lz -lreadline -lncurses -lm  >&5
configure:4747: $? = 0
configure:4747: result: yes
configure:4757: checking for working fork
configure:4779: gcc -o conftest -g -O2   conftest.c -lz -lreadline -lncurses -lm  >&5
configure:4779: $? = 0
configure:4779: ./conftest
configure:4779: $? = 0
configure:4789: result: yes
configure:4810: checking for working vfork
configure:4920: result: yes
configure:4947: checking for stdlib.h
configure:4947: result: yes
configure:4957: checking for GNU libc compatible malloc
configure:4981: gcc -o conftest -g -O2   conftest.c -lz -lreadline -lncurses -lm  >&5
configure:4981: $? = 0
configure:4981: ./conftest
configure:4981: $? = 0
configure:4991: result: yes
configure:5015: checking sys/select.h usability
configure:5015: gcc -c -g -O2  conftest.c >&5
configure:5015: $? = 0
configure:5015: result: yes
configure:5015: checking sys/select.h presence
configure:5015: gcc -E  conftest.c
configure:5015: $? = 0
configure:5015: result: yes
configure:5015: checking for sys/select.h
configure:5015: result: yes
configure:5015: checking for sys/socket.h
configure:5015: result: yes
configure:5025: checking types of arguments for select
configure:5053: gcc -c -g -O2  conftest.c >&5
configure:5053: $? = 0
configure:5064: result: int,fd_set *,struct timeval *
configure:5087: checking return type of signal handlers
configure:5105: gcc -c -g -O2  conftest.c >&5
conftest.c: In function 'main':
conftest.c:65:10: error: void value not ignored as it ought to be
   65 | return *(signal (0, 0)) (0) == 1;
      |         ~^~~~~~~~~~~~~~~~~~
configure:5105: $? = 1
configure: failed program was:
| /* confdefs.h */
| #define PACKAGE_NAME "icsdroneng"
| #define PACKAGE_TARNAME "icsdroneng"
| #define PACKAGE_VERSION "0.29"
| #define PACKAGE_STRING "icsdroneng 0.29"
| #define PACKAGE_BUGREPORT "michel.vandenbergh@uhasselt.be"
| #define PACKAGE_URL ""
| #define PACKAGE "icsdroneng"
| #define VERSION "0.29"
| #define HAVE_LIBM 1
| #define STDC_HEADERS 1
| #define HAVE_SYS_TYPES_H 1
| #define HAVE_SYS_STAT_H 1
| #define HAVE_STDLIB_H 1
| #define HAVE_STRING_H 1
| #define HAVE_MEMORY_H 1
| #define HAVE_STRINGS_H 1
| #define HAVE_INTTYPES_H 1
| #define HAVE_STDINT_H 1
| #define HAVE_UNISTD_H 1
| #define HAVE_LIBNCURSES 1
| #define HAVE_LIBREADLINE 1
| #define HAVE_LIBZ 1
| #define STDC_HEADERS 1
| #define HAVE_SYS_WAIT_H 1
| #define HAVE_ARPA_INET_H 1
| #define HAVE_ARPA_TELNET_H 1
| #define HAVE_NCURSES_H 1
| #define HAVE_FCNTL_H 1
| #define HAVE_NETDB_H 1
| #define HAVE_NETINET_IN_H 1
| #define HAVE_READLINE_READLINE_H 1
| #define HAVE_READLINE_HISTORY_H 1
| #define HAVE_STDLIB_H 1
| #define HAVE_STRING_H 1
| #define HAVE_SYS_IOCTL_H 1
| #define HAVE_SYS_SOCKET_H 1
| #define HAVE_SYS_TIME_H 1
| #define HAVE_SYS_WAIT_H 1
| #define HAVE_TERM_H 1
| #define HAVE_TERMIOS_H 1
| #define HAVE_UNISTD_H 1
| #define HAVE_ZLIB_H 1
| #define HAVE__BOOL 1
| #define HAVE_STDBOOL_H 1
| #define TIME_WITH_SYS_TIME 1
| #define HAVE_FORK 1
| #define HAVE_VFORK 1
| #define HAVE_WORKING_VFORK 1
| #define HAVE_WORKING_FORK 1
| #define HAVE_STDLIB_H 1
| #define HAVE_MALLOC 1
| #define HAVE_SYS_SELECT_H 1
| #define HAVE_SYS_SOCKET_H 1
| #define SELECT_TYPE_ARG1 int
| #define SELECT_TYPE_ARG234 (fd_set *)
| #define SELECT_TYPE_ARG5 (struct timeval *)
| /* end confdefs.h.  */
| #include <sys/types.h>
| #include <signal.h>
| 
| int
| main ()
| {
| return *(signal (0, 0)) (0) == 1;
|   ;
|   return 0;
| }
configure:5112: result: void
configure:5122: checking for vprintf
configure:5122: gcc -o conftest -g -O2   conftest.c -lz -lreadline -lncurses -lm  >&5
conftest.c:83:6: warning: conflicting types for built-in function 'vprintf'; expected 'int(const char *, __va_list_tag *)' [-Wbuiltin-declaration-mismatch]
   83 | char vprintf ();
      |      ^~~~~~~
conftest.c:71:1: note: 'vprintf' is declared in header '<stdio.h>'
   70 | # include <limits.h>
   71 | #else
configure:5122: $? = 0
configure:5122: result: yes
configure:5128: checking for _doprnt
configure:5128: gcc -o conftest -g -O2   conftest.c -lz -lreadline -lncurses -lm  >&5
/usr/bin/ld: /tmp/ccPbIRWA.o: in function `main':
/home/joey/Repos/icsdroneng-0.29/conftest.c:95: undefined reference to `_doprnt'
collect2: error: ld returned 1 exit status
configure:5128: $? = 1
configure: failed program was:
| /* confdefs.h */
| #define PACKAGE_NAME "icsdroneng"
| #define PACKAGE_TARNAME "icsdroneng"
| #define PACKAGE_VERSION "0.29"
| #define PACKAGE_STRING "icsdroneng 0.29"
| #define PACKAGE_BUGREPORT "michel.vandenbergh@uhasselt.be"
| #define PACKAGE_URL ""
| #define PACKAGE "icsdroneng"
| #define VERSION "0.29"
| #define HAVE_LIBM 1
| #define STDC_HEADERS 1
| #define HAVE_SYS_TYPES_H 1
| #define HAVE_SYS_STAT_H 1
| #define HAVE_STDLIB_H 1
| #define HAVE_STRING_H 1
| #define HAVE_MEMORY_H 1
| #define HAVE_STRINGS_H 1
| #define HAVE_INTTYPES_H 1
| #define HAVE_STDINT_H 1
| #define HAVE_UNISTD_H 1
| #define HAVE_LIBNCURSES 1
| #define HAVE_LIBREADLINE 1
| #define HAVE_LIBZ 1
| #define STDC_HEADERS 1
| #define HAVE_SYS_WAIT_H 1
| #define HAVE_ARPA_INET_H 1
| #define HAVE_ARPA_TELNET_H 1
| #define HAVE_NCURSES_H 1
| #define HAVE_FCNTL_H 1
| #define HAVE_NETDB_H 1
| #define HAVE_NETINET_IN_H 1
| #define HAVE_READLINE_READLINE_H 1
| #define HAVE_READLINE_HISTORY_H 1
| #define HAVE_STDLIB_H 1
| #define HAVE_STRING_H 1
| #define HAVE_SYS_IOCTL_H 1
| #define HAVE_SYS_SOCKET_H 1
| #define HAVE_SYS_TIME_H 1
| #define HAVE_SYS_WAIT_H 1
| #define HAVE_TERM_H 1
| #define HAVE_TERMIOS_H 1
| #define HAVE_UNISTD_H 1
| #define HAVE_ZLIB_H 1
| #define HAVE__BOOL 1
| #define HAVE_STDBOOL_H 1
| #define TIME_WITH_SYS_TIME 1
| #define HAVE_FORK 1
| #define HAVE_VFORK 1
| #define HAVE_WORKING_VFORK 1
| #define HAVE_WORKING_FORK 1
| #define HAVE_STDLIB_H 1
| #define HAVE_MALLOC 1
| #define HAVE_SYS_SELECT_H 1
| #define HAVE_SYS_SOCKET_H 1
| #define SELECT_TYPE_ARG1 int
| #define SELECT_TYPE_ARG234 (fd_set *)
| #define SELECT_TYPE_ARG5 (struct timeval *)
| #define RETSIGTYPE void
| #define HAVE_VPRINTF 1
| /* end confdefs.h.  */
| /* Define _doprnt to an innocuous variant, in case <limits.h> declares _doprnt.
|    For example, HP-UX 11i <limits.h> declares gettimeofday.  */
| #define _doprnt innocuous__doprnt
| 
| /* System header to define __stub macros and hopefully few prototypes,
|     which can conflict with char _doprnt (); below.
|     Prefer <limits.h> to <assert.h> if __STDC__ is defined, since
|     <limits.h> exists even on freestanding compilers.  */
| 
| #ifdef __STDC__
| # include <limits.h>
| #else
| # include <assert.h>
| #endif
| 
| #undef _doprnt
| 
| /* Override any GCC internal prototype to avoid an error.
|    Use char because int might match the return type of a GCC
|    builtin and then its argument prototype would still apply.  */
| #ifdef __cplusplus
| extern "C"
| #endif
| char _doprnt ();
| /* The GNU C library defines this for functions which it implements
|     to always fail with ENOSYS.  Some functions are actually named
|     something starting with __ and the normal name is an alias.  */
| #if defined __stub__doprnt || defined __stub____doprnt
| choke me
| #endif
| 
| int
| main ()
| {
| return _doprnt ();
|   ;
|   return 0;
| }
configure:5128: result: no
configure:5142: checking for alarm
configure:5142: gcc -o conftest -g -O2   conftest.c -lz -lreadline -lncurses -lm  >&5
configure:5142: $? = 0
configure:5142: result: yes
configure:5142: checking for dup2
configure:5142: gcc -o conftest -g -O2   conftest.c -lz -lreadline -lncurses -lm  >&5
configure:5142: $? = 0
configure:5142: result: yes
configure:5142: checking for floor
configure:5142: gcc -o conftest -g -O2   conftest.c -lz -lreadline -lncurses -lm  >&5
conftest.c:86:6: warning: conflicting types for built-in function 'floor'; expected 'double(double)' [-Wbuiltin-declaration-mismatch]
   86 | char floor ();
      |      ^~~~~
conftest.c:74:1: note: 'floor' is declared in header '<math.h>'
   73 | # include <limits.h>
   74 | #else
configure:5142: $? = 0
configure:5142: result: yes
configure:5142: checking for getcwd
configure:5142: gcc -o conftest -g -O2   conftest.c -lz -lreadline -lncurses -lm  >&5
configure:5142: $? = 0
configure:5142: result: yes
configure:5142: checking for gethostbyname
configure:5142: gcc -o conftest -g -O2   conftest.c -lz -lreadline -lncurses -lm  >&5
configure:5142: $? = 0
configure:5142: result: yes
configure:5142: checking for gettimeofday
configure:5142: gcc -o conftest -g -O2   conftest.c -lz -lreadline -lncurses -lm  >&5
configure:5142: $? = 0
configure:5142: result: yes
configure:5142: checking for inet_ntoa
configure:5142: gcc -o conftest -g -O2   conftest.c -lz -lreadline -lncurses -lm  >&5
configure:5142: $? = 0
configure:5142: result: yes
configure:5142: checking for memmove
configure:5142: gcc -o conftest -g -O2   conftest.c -lz -lreadline -lncurses -lm  >&5
conftest.c:91:6: warning: conflicting types for built-in function 'memmove'; expected 'void *(void *, const void *, long unsigned int)' [-Wbuiltin-declaration-mismatch]
   91 | char memmove ();
      |      ^~~~~~~
conftest.c:79:1: note: 'memmove' is declared in header '<string.h>'
   78 | # include <limits.h>
   79 | #else
configure:5142: $? = 0
configure:5142: result: yes
configure:5142: checking for memset
configure:5142: gcc -o conftest -g -O2   conftest.c -lz -lreadline -lncurses -lm  >&5
conftest.c:92:6: warning: conflicting types for built-in function 'memset'; expected 'void *(void *, int,  long unsigned int)' [-Wbuiltin-declaration-mismatch]
   92 | char memset ();
      |      ^~~~~~
conftest.c:80:1: note: 'memset' is declared in header '<string.h>'
   79 | # include <limits.h>
   80 | #else
configure:5142: $? = 0
configure:5142: result: yes
configure:5142: checking for select
configure:5142: gcc -o conftest -g -O2   conftest.c -lz -lreadline -lncurses -lm  >&5
configure:5142: $? = 0
configure:5142: result: yes
configure:5142: checking for socket
configure:5142: gcc -o conftest -g -O2   conftest.c -lz -lreadline -lncurses -lm  >&5
configure:5142: $? = 0
configure:5142: result: yes
configure:5142: checking for strcasecmp
configure:5142: gcc -o conftest -g -O2   conftest.c -lz -lreadline -lncurses -lm  >&5
conftest.c:95:6: warning: conflicting types for built-in function 'strcasecmp'; expected 'int(const char *, const char *)' [-Wbuiltin-declaration-mismatch]
   95 | char strcasecmp ();
      |      ^~~~~~~~~~
configure:5142: $? = 0
configure:5142: result: yes
configure:5142: checking for strchr
configure:5142: gcc -o conftest -g -O2   conftest.c -lz -lreadline -lncurses -lm  >&5
conftest.c:96:6: warning: conflicting types for built-in function 'strchr'; expected 'char *(const char *, int)' [-Wbuiltin-declaration-mismatch]
   96 | char strchr ();
      |      ^~~~~~
conftest.c:84:1: note: 'strchr' is declared in header '<string.h>'
   83 | # include <limits.h>
   84 | #else
configure:5142: $? = 0
configure:5142: result: yes
configure:5142: checking for strdup
configure:5142: gcc -o conftest -g -O2   conftest.c -lz -lreadline -lncurses -lm  >&5
conftest.c:97:6: warning: conflicting types for built-in function 'strdup'; expected 'char *(const char *)' [-Wbuiltin-declaration-mismatch]
   97 | char strdup ();
      |      ^~~~~~
configure:5142: $? = 0
configure:5142: result: yes
configure:5142: checking for strerror
configure:5142: gcc -o conftest -g -O2   conftest.c -lz -lreadline -lncurses -lm  >&5
configure:5142: $? = 0
configure:5142: result: yes
configure:5142: checking for strncasecmp
configure:5142: gcc -o conftest -g -O2   conftest.c -lz -lreadline -lncurses -lm  >&5
conftest.c:99:6: warning: conflicting types for built-in function 'strncasecmp'; expected 'int(const char *, const char *, long unsigned int)' [-Wbuiltin-declaration-mismatch]
   99 | char strncasecmp ();
      |      ^~~~~~~~~~~
configure:5142: $? = 0
configure:5142: result: yes
configure:5142: checking for strpbrk
configure:5142: gcc -o conftest -g -O2   conftest.c -lz -lreadline -lncurses -lm  >&5
conftest.c:100:6: warning: conflicting types for built-in function 'strpbrk'; expected 'char *(const char *, const char *)' [-Wbuiltin-declaration-mismatch]
  100 | char strpbrk ();
      |      ^~~~~~~
conftest.c:88:1: note: 'strpbrk' is declared in header '<string.h>'
   87 | # include <limits.h>
   88 | #else
configure:5142: $? = 0
configure:5142: result: yes
configure:5142: checking for strstr
configure:5142: gcc -o conftest -g -O2   conftest.c -lz -lreadline -lncurses -lm  >&5
conftest.c:101:6: warning: conflicting types for built-in function 'strstr'; expected 'char *(const char *, const char *)' [-Wbuiltin-declaration-mismatch]
  101 | char strstr ();
      |      ^~~~~~
conftest.c:89:1: note: 'strstr' is declared in header '<string.h>'
   88 | # include <limits.h>
   89 | #else
configure:5142: $? = 0
configure:5142: result: yes
configure:5142: checking for tzset
configure:5142: gcc -o conftest -g -O2   conftest.c -lz -lreadline -lncurses -lm  >&5
configure:5142: $? = 0
configure:5142: result: yes
configure:5279: creating ./config.status

## ---------------------- ##
## Running config.status. ##
## ---------------------- ##

This file was extended by icsdroneng config.status 0.29, which was
generated by GNU Autoconf 2.68.  Invocation command line was

  CONFIG_FILES    = 
  CONFIG_HEADERS  = 
  CONFIG_LINKS    = 
  CONFIG_COMMANDS = 
  $ ./config.status 

on crimson

config.status:922: creating Makefile
config.status:922: creating icsdroneng.spec
config.status:922: creating config.h
config.status:1151: executing depfiles commands

## ---------------- ##
## Cache variables. ##
## ---------------- ##

ac_cv_c_compiler_gnu=yes
ac_cv_c_const=yes
ac_cv_env_CC_set=
ac_cv_env_CC_value=
ac_cv_env_CFLAGS_set=
ac_cv_env_CFLAGS_value=
ac_cv_env_CPPFLAGS_set=
ac_cv_env_CPPFLAGS_value=
ac_cv_env_CPP_set=
ac_cv_env_CPP_value=
ac_cv_env_LDFLAGS_set=
ac_cv_env_LDFLAGS_value=
ac_cv_env_LIBS_set=
ac_cv_env_LIBS_value=
ac_cv_env_build_alias_set=
ac_cv_env_build_alias_value=
ac_cv_env_host_alias_set=
ac_cv_env_host_alias_value=
ac_cv_env_target_alias_set=
ac_cv_env_target_alias_value=
ac_cv_func__doprnt=no
ac_cv_func_alarm=yes
ac_cv_func_dup2=yes
ac_cv_func_floor=yes
ac_cv_func_fork=yes
ac_cv_func_fork_works=yes
ac_cv_func_getcwd=yes
ac_cv_func_gethostbyname=yes
ac_cv_func_gettimeofday=yes
ac_cv_func_inet_ntoa=yes
ac_cv_func_malloc_0_nonnull=yes
ac_cv_func_memmove=yes
ac_cv_func_memset=yes
ac_cv_func_select=yes
ac_cv_func_select_args='int,fd_set *,struct timeval *'
ac_cv_func_socket=yes
ac_cv_func_strcasecmp=yes
ac_cv_func_strchr=yes
ac_cv_func_strdup=yes
ac_cv_func_strerror=yes
ac_cv_func_strncasecmp=yes
ac_cv_func_strpbrk=yes
ac_cv_func_strstr=yes
ac_cv_func_tzset=yes
ac_cv_func_vfork=yes
ac_cv_func_vfork_works=yes
ac_cv_func_vprintf=yes
ac_cv_header_arpa_inet_h=yes
ac_cv_header_arpa_telnet_h=yes
ac_cv_header_fcntl_h=yes
ac_cv_header_inttypes_h=yes
ac_cv_header_memory_h=yes
ac_cv_header_ncurses_h=yes
ac_cv_header_ncurses_term_h=no
ac_cv_header_netdb_h=yes
ac_cv_header_netinet_in_h=yes
ac_cv_header_readline_history_h=yes
ac_cv_header_readline_readline_h=yes
ac_cv_header_stdbool_h=yes
ac_cv_header_stdc=yes
ac_cv_header_stdint_h=yes
ac_cv_header_stdlib_h=yes
ac_cv_header_string_h=yes
ac_cv_header_strings_h=yes
ac_cv_header_sys_ioctl_h=yes
ac_cv_header_sys_select_h=yes
ac_cv_header_sys_socket_h=yes
ac_cv_header_sys_stat_h=yes
ac_cv_header_sys_time_h=yes
ac_cv_header_sys_types_h=yes
ac_cv_header_sys_wait_h=yes
ac_cv_header_term_h=yes
ac_cv_header_termios_h=yes
ac_cv_header_time=yes
ac_cv_header_unistd_h=yes
ac_cv_header_vfork_h=no
ac_cv_header_zlib_h=yes
ac_cv_lib_m_main=yes
ac_cv_lib_ncurses_main=yes
ac_cv_lib_readline_main=yes
ac_cv_lib_z_main=yes
ac_cv_objext=o
ac_cv_path_EGREP='/usr/bin/grep -E'
ac_cv_path_GREP=/usr/bin/grep
ac_cv_path_install='/usr/bin/install -c'
ac_cv_path_mkdir=/usr/bin/mkdir
ac_cv_prog_AWK=gawk
ac_cv_prog_CPP='gcc -E'
ac_cv_prog_ac_ct_CC=gcc
ac_cv_prog_cc_c89=
ac_cv_prog_cc_g=yes
ac_cv_prog_make_make_set=yes
ac_cv_struct_tm=time.h
ac_cv_type__Bool=yes
ac_cv_type_pid_t=yes
ac_cv_type_signal=void
am_cv_CC_dependencies_compiler_type=gcc3

## ----------------- ##
## Output variables. ##
## ----------------- ##

ACLOCAL='${SHELL} /home/joey/Repos/icsdroneng-0.29/missing --run aclocal-1.11'
AMDEPBACKSLASH='\'
AMDEP_FALSE='#'
AMDEP_TRUE=''
AMTAR='$${TAR-tar}'
AUTOCONF='${SHELL} /home/joey/Repos/icsdroneng-0.29/missing --run autoconf'
AUTOHEADER='${SHELL} /home/joey/Repos/icsdroneng-0.29/missing --run autoheader'
AUTOMAKE='${SHELL} /home/joey/Repos/icsdroneng-0.29/missing --run automake-1.11'
AWK='gawk'
CC='gcc'
CCDEPMODE='depmode=gcc3'
CFLAGS='-g -O2'
CPP='gcc -E'
CPPFLAGS=''
CYGPATH_W='echo'
DEFS='-DHAVE_CONFIG_H'
DEPDIR='.deps'
ECHO_C=''
ECHO_N='-n'
ECHO_T=''
EGREP='/usr/bin/grep -E'
EXEEXT=''
GIT_FALSE=''
GIT_TRUE='#'
GREP='/usr/bin/grep'
INSTALL_DATA='${INSTALL} -m 644'
INSTALL_PROGRAM='${INSTALL}'
INSTALL_SCRIPT='${INSTALL}'
INSTALL_STRIP_PROGRAM='$(install_sh) -c -s'
LDFLAGS=''
LIBOBJS=''
LIBS='-lz -lreadline -lncurses -lm '
LTLIBOBJS=''
MAKEINFO='${SHELL} /home/joey/Repos/icsdroneng-0.29/missing --run makeinfo'
MKDIR_P='/usr/bin/mkdir -p'
OBJEXT='o'
PACKAGE='icsdroneng'
PACKAGE_BUGREPORT='michel.vandenbergh@uhasselt.be'
PACKAGE_NAME='icsdroneng'
PACKAGE_STRING='icsdroneng 0.29'
PACKAGE_TARNAME='icsdroneng'
PACKAGE_URL=''
PACKAGE_VERSION='0.29'
PATH_SEPARATOR=':'
SET_MAKE=''
SHELL='/bin/bash'
STRIP=''
VERSION='0.29'
ac_ct_CC='gcc'
am__EXEEXT_FALSE=''
am__EXEEXT_TRUE='#'
am__fastdepCC_FALSE='#'
am__fastdepCC_TRUE=''
am__include='include'
am__isrc=''
am__leading_dot='.'
am__nodep='_no'
am__quote=''
am__tar='$${TAR-tar} chof - "$$tardir"'
am__untar='$${TAR-tar} xf -'
bindir='${exec_prefix}/bin'
build_alias=''
datadir='${datarootdir}'
datarootdir='${prefix}/share'
docdir='${datarootdir}/doc/${PACKAGE_TARNAME}'
dvidir='${docdir}'
exec_prefix='${prefix}'
host_alias=''
htmldir='${docdir}'
includedir='${prefix}/include'
infodir='${datarootdir}/info'
install_sh='${SHELL} /home/joey/Repos/icsdroneng-0.29/install-sh'
libdir='${exec_prefix}/lib'
libexecdir='${exec_prefix}/libexec'
localedir='${datarootdir}/locale'
localstatedir='${prefix}/var'
mandir='${datarootdir}/man'
mkdir_p='/usr/bin/mkdir -p'
oldincludedir='/usr/include'
pdfdir='${docdir}'
prefix='/usr/local'
program_transform_name='s,x,x,'
psdir='${docdir}'
sbindir='${exec_prefix}/sbin'
sharedstatedir='${prefix}/com'
sysconfdir='${prefix}/etc'
target_alias=''

## ----------- ##
## confdefs.h. ##
## ----------- ##

/* confdefs.h */
#define PACKAGE_NAME "icsdroneng"
#define PACKAGE_TARNAME "icsdroneng"
#define PACKAGE_VERSION "0.29"
#define PACKAGE_STRING "icsdroneng 0.29"
#define PACKAGE_BUGREPORT "michel.vandenbergh@uhasselt.be"
#define PACKAGE_URL ""
#define PACKAGE "icsdroneng"
#define VERSION "0.29"
#define HAVE_LIBM 1
#define STDC_HEADERS 1
#define HAVE_SYS_TYPES_H 1
#define HAVE_SYS_STAT_H 1
#define HAVE_STDLIB_H 1
#define HAVE_STRING_H 1
#define HAVE_MEMORY_H 1
#define HAVE_STRINGS_H 1
#define HAVE_INTTYPES_H 1
#define HAVE_STDINT_H 1
#define HAVE_UNISTD_H 1
#define HAVE_LIBNCURSES 1
#define HAVE_LIBREADLINE 1
#define HAVE_LIBZ 1
#define STDC_HEADERS 1
#define HAVE_SYS_WAIT_H 1
#define HAVE_ARPA_INET_H 1
#define HAVE_ARPA_TELNET_H 1
#define HAVE_NCURSES_H 1
#define HAVE_FCNTL_H 1
#define HAVE_NETDB_H 1
#define HAVE_NETINET_IN_H 1
#define HAVE_READLINE_READLINE_H 1
#define HAVE_READLINE_HISTORY_H 1
#define HAVE_STDLIB_H 1
#define HAVE_STRING_H 1
#define HAVE_SYS_IOCTL_H 1
#define HAVE_SYS_SOCKET_H 1
#define HAVE_SYS_TIME_H 1
#define HAVE_SYS_WAIT_H 1
#define HAVE_TERM_H 1
#define HAVE_TERMIOS_H 1
#define HAVE_UNISTD_H 1
#define HAVE_ZLIB_H 1
#define HAVE__BOOL 1
#define HAVE_STDBOOL_H 1
#define TIME_WITH_SYS_TIME 1
#define HAVE_FORK 1
#define HAVE_VFORK 1
#define HAVE_WORKING_VFORK 1
#define HAVE_WORKING_FORK 1
#define HAVE_STDLIB_H 1
#define HAVE_MALLOC 1
#define HAVE_SYS_SELECT_H 1
#define HAVE_SYS_SOCKET_H 1
#define SELECT_TYPE_ARG1 int
#define SELECT_TYPE_ARG234 (fd_set *)
#define SELECT_TYPE_ARG5 (struct timeval *)
#define RETSIGTYPE void
#define HAVE_VPRINTF 1
#define HAVE_ALARM 1
#define HAVE_DUP2 1
#define HAVE_FLOOR 1
#define HAVE_GETCWD 1
#define HAVE_GETHOSTBYNAME 1
#define HAVE_GETTIMEOFDAY 1
#define HAVE_INET_NTOA 1
#define HAVE_MEMMOVE 1
#define HAVE_MEMSET 1
#define HAVE_SELECT 1
#define HAVE_SOCKET 1
#define HAVE_STRCASECMP 1
#define HAVE_STRCHR 1
#define HAVE_STRDUP 1
#define HAVE_STRERROR 1
#define HAVE_STRNCASECMP 1
#define HAVE_STRPBRK 1
#define HAVE_STRSTR 1
#define HAVE_TZSET 1

configure: exit 0
